<?xml version="1.0" encoding="UTF-8"?>
<!-- Generated by org.testng.reporters.JUnitReportReporter -->
<testsuite hostname="DESKTOP-B9VFP22" failures="0" tests="12" name="callhub.Base.PricingPage" time="17.891" errors="0" timestamp="2021-04-25T11:12:41 IST" skipped="0">
  <testcase classname="callhub.Base.PricingPage" name="pricingPage" time="0.550"/>
  <system-out/>
  <testcase classname="callhub.Base.PricingPage" name="pricingPage" time="2.880"/>
  <system-out/>
  <testcase classname="callhub.Base.PricingPage" name="pricingPage" time="7.811"/>
  <system-out/>
  <testcase classname="callhub.Base.PricingPage" name="pricingPage" time="0.656"/>
  <system-out/>
  <testcase classname="callhub.Base.PricingPage" name="pricingPage" time="0.589"/>
  <system-out/>
  <testcase classname="callhub.Base.PricingPage" name="pricingPage" time="0.935"/>
  <system-out/>
  <testcase classname="callhub.Base.PricingPage" name="pricingPage" time="1.075"/>
  <system-out/>
  <testcase classname="callhub.Base.PricingPage" name="pricingPage" time="0.510"/>
  <system-out/>
  <testcase classname="callhub.Base.PricingPage" name="pricingPage" time="0.554"/>
  <system-out/>
  <testcase classname="callhub.Base.PricingPage" name="pricingPage" time="1.066"/>
  <system-out/>
  <testcase classname="callhub.Base.PricingPage" name="pricingPage" time="0.602"/>
  <system-out/>
  <testcase classname="callhub.Base.PricingPage" name="pricingPage" time="0.663"/>
  <system-out/>
</testsuite> <!-- callhub.Base.PricingPage -->
